<?xml version="1.0" encoding="UTF-8"?>
<!-- Generated by org.testng.reporters.JUnitReportReporter -->
<testsuite hostname="Ilyas-MacBook-Pro.local" failures="0" tests="2" name="triangle.service.tests.DeleteTest" time="14.407" errors="0" timestamp="09 Feb 2020 16:46:55 GMT" skipped="0">
  <testcase classname="triangle.service.tests.DeleteTest" name="deleteTriangleTest" time="5.777"/>
  <testcase classname="triangle.service.tests.DeleteTest" name="notFoundTest" time="8.630"/>
</testsuite> <!-- triangle.service.tests.DeleteTest -->
