<?xml version="1.0" encoding="UTF-8"?>
<!-- Generated by org.testng.reporters.JUnitReportReporter -->
<testsuite hostname="Ilyas-MacBook-Pro.local" failures="0" tests="7" name="triangle.service.tests.TriangleAreaTest" time="33.016" errors="0" timestamp="09 Feb 2020 16:46:55 GMT" skipped="0">
  <testcase classname="triangle.service.tests.TriangleAreaTest" name="notFoundTest" time="4.590"/>
  <testcase classname="triangle.service.tests.TriangleAreaTest" name="getTriangleAreaTest" time="4.993"/>
  <testcase classname="triangle.service.tests.TriangleAreaTest" name="getTriangleAreaTest" time="5.099"/>
  <testcase classname="triangle.service.tests.TriangleAreaTest" name="getTriangleAreaTest" time="5.637"/>
  <testcase classname="triangle.service.tests.TriangleAreaTest" name="getTriangleAreaTest" time="4.760"/>
  <testcase classname="triangle.service.tests.TriangleAreaTest" name="getTriangleAreaTest" time="4.585"/>
  <testcase classname="triangle.service.tests.TriangleAreaTest" name="getTriangleAreaTest" time="3.352"/>
</testsuite> <!-- triangle.service.tests.TriangleAreaTest -->
