<?xml version="1.0" encoding="UTF-8"?>
<!-- Generated by org.testng.reporters.JUnitReportReporter -->
<testsuite hostname="Ilyas-MacBook-Pro.local" failures="0" tests="5" name="triangle.service.tests.AuthorizationTest" time="12.059" errors="0" timestamp="09 Feb 2020 16:46:55 GMT" skipped="0">
  <testcase classname="triangle.service.tests.AuthorizationTest" name="unauthorizedRequestPostTriangleTest" time="1.538"/>
  <testcase classname="triangle.service.tests.AuthorizationTest" name="unauthorizedRequestTriangleAreaTest" time="2.964"/>
  <testcase classname="triangle.service.tests.AuthorizationTest" name="unauthorizedRequestGetTriangleAllTest" time="1.434"/>
  <testcase classname="triangle.service.tests.AuthorizationTest" name="unauthorizedRequestTrianglePerimeterTest" time="2.764"/>
  <testcase classname="triangle.service.tests.AuthorizationTest" name="unauthorizedRequestDeleteTriangleTest" time="3.359"/>
</testsuite> <!-- triangle.service.tests.AuthorizationTest -->
