<?xml version="1.0" encoding="UTF-8"?>
<!-- Generated by org.testng.reporters.JUnitReportReporter -->
<testsuite hostname="Ilyas-MacBook-Pro.local" failures="0" tests="7" name="triangle.service.tests.TrianglePerimeterTest" time="34.583" errors="0" timestamp="09 Feb 2020 16:46:55 GMT" skipped="0">
  <testcase classname="triangle.service.tests.TrianglePerimeterTest" name="getTrianglePerimeterTest" time="5.487"/>
  <testcase classname="triangle.service.tests.TrianglePerimeterTest" name="getTrianglePerimeterTest" time="5.414"/>
  <testcase classname="triangle.service.tests.TrianglePerimeterTest" name="getTrianglePerimeterTest" time="5.475"/>
  <testcase classname="triangle.service.tests.TrianglePerimeterTest" name="getTrianglePerimeterTest" time="4.147"/>
  <testcase classname="triangle.service.tests.TrianglePerimeterTest" name="getTrianglePerimeterTest" time="4.945"/>
  <testcase classname="triangle.service.tests.TrianglePerimeterTest" name="notFoundTest" time="3.857"/>
  <testcase classname="triangle.service.tests.TrianglePerimeterTest" name="getTrianglePerimeterTest" time="5.258"/>
</testsuite> <!-- triangle.service.tests.TrianglePerimeterTest -->
