<?xml version="1.0" encoding="UTF-8"?>
<!-- Generated by org.testng.reporters.JUnitReportReporter -->
<testsuite hostname="Ilyas-MacBook-Pro.local" failures="0" tests="1" name="triangle.service.tests.GetAllTriangleTest" time="8.657" errors="0" timestamp="09 Feb 2020 16:46:55 GMT" skipped="0">
  <testcase classname="triangle.service.tests.GetAllTriangleTest" name="getAllTest" time="8.657"/>
</testsuite> <!-- triangle.service.tests.GetAllTriangleTest -->
